[debug] [2023-02-09T11:41:25.146Z] ----------------------------------------------------------------------
[debug] [2023-02-09T11:41:25.148Z] Command:       C:\Program Files\nodejs\node.exe C:\Users\hp\AppData\Roaming\npm\node_modules\firebase-tools\lib\bin\firebase.js emulators:start --only functions
[debug] [2023-02-09T11:41:25.148Z] CLI Version:   11.22.0
[debug] [2023-02-09T11:41:25.148Z] Platform:      win32
[debug] [2023-02-09T11:41:25.149Z] Node Version:  v16.16.0
[debug] [2023-02-09T11:41:25.152Z] Time:          Thu Feb 09 2023 15:41:25 GMT+0400 (Gulf Standard Time)
[debug] [2023-02-09T11:41:25.152Z] ----------------------------------------------------------------------
[debug] 
[debug] [2023-02-09T11:41:25.280Z] > command requires scopes: ["email","openid","https://www.googleapis.com/auth/cloudplatformprojects.readonly","https://www.googleapis.com/auth/firebase","https://www.googleapis.com/auth/cloud-platform"]
[debug] [2023-02-09T11:41:25.280Z] > authorizing via signed-in user (perla.portal.llc@gmail.com)
[info] i  emulators: Starting emulators: functions {"metadata":{"emulator":{"name":"hub"},"message":"Starting emulators: functions"}}
[debug] [2023-02-09T11:41:25.296Z] [logging] Logging Emulator only supports listening on one address (127.0.0.1). Not listening on ::1
[debug] [2023-02-09T11:41:25.296Z] assigned listening specs for emulators {"user":{"hub":[{"address":"127.0.0.1","family":"IPv4","port":4400},{"address":"::1","family":"IPv6","port":4400}],"ui":[{"address":"127.0.0.1","family":"IPv4","port":4000},{"address":"::1","family":"IPv6","port":4000}],"logging":[{"address":"127.0.0.1","family":"IPv4","port":4500}]},"metadata":{"message":"assigned listening specs for emulators"}}
[debug] [2023-02-09T11:41:25.309Z] [hub] writing locator at C:\Users\hp\AppData\Local\Temp\hub-mohamoon-f35de.json
[debug] [2023-02-09T11:41:25.362Z] [functions] Functions Emulator only supports listening on one address (127.0.0.1). Not listening on ::1
[debug] [2023-02-09T11:41:25.362Z] [eventarc] Eventarc Emulator only supports listening on one address (127.0.0.1). Not listening on ::1
[debug] [2023-02-09T11:41:25.362Z] late-assigned ports for functions and eventarc emulators {"user":{"hub":[{"address":"127.0.0.1","family":"IPv4","port":4400},{"address":"::1","family":"IPv6","port":4400}],"ui":[{"address":"127.0.0.1","family":"IPv4","port":4000},{"address":"::1","family":"IPv6","port":4000}],"logging":[{"address":"127.0.0.1","family":"IPv4","port":4500}],"functions":[{"address":"127.0.0.1","family":"IPv4","port":5001}],"eventarc":[{"address":"127.0.0.1","family":"IPv4","port":9299}]},"metadata":{"message":"late-assigned ports for functions and eventarc emulators"}}
[warn] !  functions: The following emulators are not running, calls to these services from the Functions emulator will affect production: auth, firestore, database, hosting, pubsub, storage {"metadata":{"emulator":{"name":"functions"},"message":"The following emulators are not running, calls to these services from the Functions emulator will affect production: \u001b[1mauth, firestore, database, hosting, pubsub, storage\u001b[22m"}}
[debug] [2023-02-09T11:41:25.369Z] defaultcredentials: writing to file C:\Users\hp\AppData\Roaming\firebase\perla_portal.llc_gmail.com_application_default_credentials.json
[debug] [2023-02-09T11:41:25.385Z] Setting GAC to C:\Users\hp\AppData\Roaming\firebase\perla_portal.llc_gmail.com_application_default_credentials.json {"metadata":{"emulator":{"name":"functions"},"message":"Setting GAC to C:\\Users\\hp\\AppData\\Roaming\\firebase\\perla_portal.llc_gmail.com_application_default_credentials.json"}}
[debug] [2023-02-09T11:41:25.386Z] > refreshing access token with scopes: []
[debug] [2023-02-09T11:41:25.391Z] >>> [apiv2][query] POST https://www.googleapis.com/oauth2/v3/token [none]
[debug] [2023-02-09T11:41:25.391Z] >>> [apiv2][body] POST https://www.googleapis.com/oauth2/v3/token [omitted]
[debug] [2023-02-09T11:41:25.781Z] <<< [apiv2][status] POST https://www.googleapis.com/oauth2/v3/token 200
[debug] [2023-02-09T11:41:25.782Z] <<< [apiv2][body] POST https://www.googleapis.com/oauth2/v3/token [omitted]
[debug] [2023-02-09T11:41:25.791Z] >>> [apiv2][query] GET https://firebase.googleapis.com/v1beta1/projects/mohamoon-f35de/adminSdkConfig [none]
[debug] [2023-02-09T11:41:26.371Z] <<< [apiv2][status] GET https://firebase.googleapis.com/v1beta1/projects/mohamoon-f35de/adminSdkConfig 200
[debug] [2023-02-09T11:41:26.371Z] <<< [apiv2][body] GET https://firebase.googleapis.com/v1beta1/projects/mohamoon-f35de/adminSdkConfig {"projectId":"mohamoon-f35de","databaseURL":"https://mohamoon-f35de-default-rtdb.asia-southeast1.firebasedatabase.app","storageBucket":"mohamoon-f35de.appspot.com","locationId":"asia-south1"}
[debug] [2023-02-09T11:41:26.432Z] Ignoring unsupported arg: auto_download {"metadata":{"emulator":{"name":"ui"},"message":"Ignoring unsupported arg: auto_download"}}
[debug] [2023-02-09T11:41:26.433Z] Ignoring unsupported arg: port {"metadata":{"emulator":{"name":"ui"},"message":"Ignoring unsupported arg: port"}}
[debug] [2023-02-09T11:41:26.433Z] Starting Emulator UI with command {"binary":"node","args":["C:\\Users\\hp\\.cache\\firebase\\emulators\\ui-v1.11.2\\server\\server.js"],"optionalArgs":[],"joinArgs":false} {"metadata":{"emulator":{"name":"ui"},"message":"Starting Emulator UI with command {\"binary\":\"node\",\"args\":[\"C:\\\\Users\\\\hp\\\\.cache\\\\firebase\\\\emulators\\\\ui-v1.11.2\\\\server\\\\server.js\"],\"optionalArgs\":[],\"joinArgs\":false}"}}
[info] i  ui: Emulator UI logging to ui-debug.log {"metadata":{"emulator":{"name":"ui"},"message":"Emulator UI logging to \u001b[1mui-debug.log\u001b[22m"}}
[debug] [2023-02-09T11:41:26.633Z] Web / API server started at 127.0.0.1:4000
 {"metadata":{"emulator":{"name":"ui"},"message":"Web / API server started at 127.0.0.1:4000\n"}}
[debug] [2023-02-09T11:41:26.633Z] Web / API server started at ::1:4000
 {"metadata":{"emulator":{"name":"ui"},"message":"Web / API server started at ::1:4000\n"}}
[info] i  functions: Watching "C:\Users\hp\Desktop\Halo_Doctor_Cloud_Function_Firebase\functions" for Cloud Functions... {"metadata":{"emulator":{"name":"functions"},"message":"Watching \"C:\\Users\\hp\\Desktop\\Halo_Doctor_Cloud_Function_Firebase\\functions\" for Cloud Functions..."}}
[debug] [2023-02-09T11:41:26.717Z] Validating nodejs source
[debug] [2023-02-09T11:41:28.993Z] > [functions] package.json contents: {
  "name": "functions",
  "description": "Cloud Functions for Firebase",
  "scripts": {
    "serve": "firebase emulators:start --only functions",
    "shell": "firebase functions:shell",
    "start": "npm run shell",
    "deploy": "firebase deploy --only functions",
    "logs": "firebase functions:log",
    "setup-firebase": "plop",
    "build": "tsc"
  },
  "engines": {
    "node": "16"
  },
  "main": "lib/index.js",
  "dependencies": {
    "agora-access-token": "^2.0.4",
    "axios": "^0.27.2",
    "firebase-admin": "^10.0.2",
    "firebase-functions": "^4.2.1",
    "install": "^0.13.0",
    "npm": "^9.4.2",
    "plop": "^3.0.5",
    "stripe": "^8.197.0"
  },
  "devDependencies": {
    "firebase-functions-test": "^0.2.0",
    "typescript": "^4.7.4"
  },
  "private": true
}
[debug] [2023-02-09T11:41:28.993Z] Building nodejs source
[debug] [2023-02-09T11:41:28.994Z] Failed to find version of module node: reached end of search path C:\Users\hp\Desktop\Halo_Doctor_Cloud_Function_Firebase\functions\node_modules
[info] +  functions: Using node@16 from host. 
[debug] [2023-02-09T11:41:28.998Z] Could not find functions.yaml. Must use http discovery
[debug] [2023-02-09T11:41:29.006Z] Found firebase-functions binary at 'C:\Users\hp\Desktop\Halo_Doctor_Cloud_Function_Firebase\functions\node_modules\.bin\firebase-functions'
[debug] [2023-02-09T11:41:29.549Z] Serving at port 8143

[debug] [2023-02-09T11:41:30.182Z] Got response from /__/functions.yaml Failed to generate manifest from function source: TypeError: Cannot read properties of undefined (reading 'token')
[debug] [2023-02-09T11:41:30.186Z] Failed to parse functions.yamlincomplete explicit mapping pair; a key node is missed; or followed by a non-tabulated empty line at line 1, column 60:
     ...  from function source: TypeError: Cannot read properties of unde ... 
                                         ^ {"name":"YAMLException","reason":"incomplete explicit mapping pair; a key node is missed; or followed by a non-tabulated empty line","mark":{"name":null,"buffer":"Failed to generate manifest from function source: TypeError: Cannot read properties of undefined (reading 'token')\n\u0000","position":59,"line":0,"column":59},"message":"incomplete explicit mapping pair; a key node is missed; or followed by a non-tabulated empty line at line 1, column 60:\n     ...  from function source: TypeError: Cannot read properties of unde ... \n                                         ^"}
[debug] [2023-02-09T11:41:30.190Z] shutdown requested via /__/quitquitquit

[error] !!  functions: Failed to load function definition from source: FirebaseError: Failed to load function definition from source: Failed to generate manifest from function source: TypeError: Cannot read properties of undefined (reading 'token') {"metadata":{"emulator":{"name":"functions"},"message":"Failed to load function definition from source: FirebaseError: Failed to load function definition from source: Failed to generate manifest from function source: TypeError: Cannot read properties of undefined (reading 'token')"}}
[info] 
┌─────────────────────────────────────────────────────────────┐
│ ✔  All emulators ready! It is now safe to connect your app. │
│ i  View Emulator UI at http://127.0.0.1:4000/               │
└─────────────────────────────────────────────────────────────┘

┌───────────┬────────────────┬─────────────────────────────────┐
│ Emulator  │ Host:Port      │ View in Emulator UI             │
├───────────┼────────────────┼─────────────────────────────────┤
│ Functions │ 127.0.0.1:5001 │ http://127.0.0.1:4000/functions │
└───────────┴────────────────┴─────────────────────────────────┘
  Emulator Hub running at 127.0.0.1:4400
  Other reserved ports: 4500

Issues? Report them at https://github.com/firebase/firebase-tools/issues and attach the *-debug.log files.
 
[debug] [2023-02-09T11:43:27.761Z] Received signal SIGINT (Ctrl-C) 1
[info]  
[info] i  emulators: Received SIGINT (Ctrl-C) for the first time. Starting a clean shutdown. 
[info] i  emulators: Please wait for a clean shutdown or send the SIGINT (Ctrl-C) signal again to stop right now. 
[info] i  emulators: Shutting down emulators. {"metadata":{"emulator":{"name":"hub"},"message":"Shutting down emulators."}}
[info] i  ui: Stopping Emulator UI {"metadata":{"emulator":{"name":"ui"},"message":"Stopping Emulator UI"}}
[warn] !  Emulator UI has exited upon receiving signal: SIGINT 
[info] i  functions: Stopping Functions Emulator {"metadata":{"emulator":{"name":"functions"},"message":"Stopping Functions Emulator"}}
[info] i  eventarc: Stopping Eventarc Emulator {"metadata":{"emulator":{"name":"eventarc"},"message":"Stopping Eventarc Emulator"}}
[info] i  hub: Stopping emulator hub {"metadata":{"emulator":{"name":"hub"},"message":"Stopping emulator hub"}}
[info] i  logging: Stopping Logging Emulator {"metadata":{"emulator":{"name":"logging"},"message":"Stopping Logging Emulator"}}
[debug] [2023-02-09T11:43:29.039Z] Received signal SIGINT (Ctrl-C) 2
[info]  
[debug] [2023-02-09T11:43:29.044Z] Skipping clean onExit() and cleanShutdown()
[warn] !  emulators: Received SIGINT (Ctrl-C) 2 times. You have forced the Emulator Suite to exit without waiting for 0 subprocess to finish. These processes may still be running on your machine:  
[info] 
┌──────────┬───────────┬─────┐
│ Emulator │ Host:Port │ PID │
└──────────┴───────────┴─────┘

To force them to exit run:

[info] TASKKILL  /T

